<?xml version="1.0" encoding="UTF-8"?>
<testng-results skipped="0" failed="0" ignored="0" total="1" passed="1">
  <reporter-output>
  </reporter-output>
  <suite name="Suite" duration-ms="78469" started-at="2022-08-03T03:33:00Z" finished-at="2022-08-03T03:34:19Z">
    <groups>
    </groups>
    <test name="Test" duration-ms="78469" started-at="2022-08-03T03:33:00Z" finished-at="2022-08-03T03:34:19Z">
      <class name="seleniumDemo.Example">
        <test-method status="PASS" signature="setUp()[pri:0, instance:seleniumDemo.Example@5a8e6209]" name="setUp" is-config="true" duration-ms="56916" started-at="2022-08-03T03:33:00Z" finished-at="2022-08-03T03:33:57Z">
          <reporter-output>
          </reporter-output>
        </test-method> <!-- setUp -->
        <test-method status="PASS" signature="startBrowser()[pri:0, instance:seleniumDemo.Example@5a8e6209]" name="startBrowser" duration-ms="20134" started-at="2022-08-03T03:33:57Z" finished-at="2022-08-03T03:34:17Z">
          <reporter-output>
          </reporter-output>
        </test-method> <!-- startBrowser -->
        <test-method status="PASS" signature="tearDown()[pri:0, instance:seleniumDemo.Example@5a8e6209]" name="tearDown" is-config="true" duration-ms="1203" started-at="2022-08-03T03:34:17Z" finished-at="2022-08-03T03:34:19Z">
          <reporter-output>
          </reporter-output>
        </test-method> <!-- tearDown -->
      </class> <!-- seleniumDemo.Example -->
    </test> <!-- Test -->
  </suite> <!-- Suite -->
</testng-results>
